<testsuites name="Mocha Tests">
  <testsuite name="REST API test suite description" tests="9" errors="0" failures="0" skipped="0" timestamp="2020-03-26T16:48:30" time="0.278">
    <testcase classname="REST API test suite description" name="test case description" time="0.147">
    </testcase>
    <testcase classname="REST API test suite description" name="test case description" time="0.007">
    </testcase>
    <testcase classname="REST API test suite description" name="test case description" time="0.006">
    </testcase>
    <testcase classname="REST API test suite description" name="test case description" time="0.004">
    </testcase>
    <testcase classname="REST API test suite description" name="test case description" time="0.009">
    </testcase>
    <testcase classname="REST API test suite description" name="test case description" time="0.005">
    </testcase>
    <testcase classname="REST API test suite description" name="test case description" time="0.009">
    </testcase>
    <testcase classname="REST API test suite description" name="test case description" time="0.011">
    </testcase>
    <testcase classname="REST API test suite description" name="test case description" time="0.021">
    </testcase>
  </testsuite>
</testsuites>